This is pdfTeX, Version 3.1415926-2.5-1.40.14 (TeX Live 2013/Debian) (format=pdflatex 2015.12.17)  17 JUN 2016 18:08
entering extended mode
 restricted \write18 enabled.
 %&-line parsing enabled.
**znni_arXiv.tex
(./znni_arXiv.tex
LaTeX2e <2011/06/27>
Babel <3.9h> and hyphenation patterns for 78 languages loaded.
(./IEEEtran.cls

LaTeX Warning: You have requested document class `./IEEEtran',
               but the document class provides `IEEEtran'.

Document Class: IEEEtran 2015/08/26 V1.8b by Michael Shell
-- See the "IEEEtran_HOWTO" manual for usage information.
-- http://www.michaelshell.org/tex/ieeetran/
\@IEEEtrantmpdimenA=\dimen102
\@IEEEtrantmpdimenB=\dimen103
\@IEEEtrantmpdimenC=\dimen104
\@IEEEtrantmpcountA=\count79
\@IEEEtrantmpcountB=\count80
\@IEEEtrantmpcountC=\count81
\@IEEEtrantmptoksA=\toks14
LaTeX Font Info:    Try loading font information for OT1+ptm on input line 503.

(/usr/share/texlive/texmf-dist/tex/latex/psnfss/ot1ptm.fd
File: ot1ptm.fd 2001/06/04 font definitions for OT1/ptm.
)
-- Using 8.5in x 11in (letter) paper.
-- Using PDF output.
\@IEEEnormalsizeunitybaselineskip=\dimen105
-- This is a 10 point document.
\CLASSINFOnormalsizebaselineskip=\dimen106
\CLASSINFOnormalsizeunitybaselineskip=\dimen107
\IEEEnormaljot=\dimen108
LaTeX Font Info:    Font shape `OT1/ptm/bx/n' in size <5> not available
(Font)              Font shape `OT1/ptm/b/n' tried instead on input line 1090.
LaTeX Font Info:    Font shape `OT1/ptm/bx/it' in size <5> not available
(Font)              Font shape `OT1/ptm/b/it' tried instead on input line 1090.

LaTeX Font Info:    Font shape `OT1/ptm/bx/n' in size <7> not available
(Font)              Font shape `OT1/ptm/b/n' tried instead on input line 1090.
LaTeX Font Info:    Font shape `OT1/ptm/bx/it' in size <7> not available
(Font)              Font shape `OT1/ptm/b/it' tried instead on input line 1090.

LaTeX Font Info:    Font shape `OT1/ptm/bx/n' in size <8> not available
(Font)              Font shape `OT1/ptm/b/n' tried instead on input line 1090.
LaTeX Font Info:    Font shape `OT1/ptm/bx/it' in size <8> not available
(Font)              Font shape `OT1/ptm/b/it' tried instead on input line 1090.

LaTeX Font Info:    Font shape `OT1/ptm/bx/n' in size <9> not available
(Font)              Font shape `OT1/ptm/b/n' tried instead on input line 1090.
LaTeX Font Info:    Font shape `OT1/ptm/bx/it' in size <9> not available
(Font)              Font shape `OT1/ptm/b/it' tried instead on input line 1090.

LaTeX Font Info:    Font shape `OT1/ptm/bx/n' in size <10> not available
(Font)              Font shape `OT1/ptm/b/n' tried instead on input line 1090.
LaTeX Font Info:    Font shape `OT1/ptm/bx/it' in size <10> not available
(Font)              Font shape `OT1/ptm/b/it' tried instead on input line 1090.

LaTeX Font Info:    Font shape `OT1/ptm/bx/n' in size <11> not available
(Font)              Font shape `OT1/ptm/b/n' tried instead on input line 1090.
LaTeX Font Info:    Font shape `OT1/ptm/bx/it' in size <11> not available
(Font)              Font shape `OT1/ptm/b/it' tried instead on input line 1090.

LaTeX Font Info:    Font shape `OT1/ptm/bx/n' in size <12> not available
(Font)              Font shape `OT1/ptm/b/n' tried instead on input line 1090.
LaTeX Font Info:    Font shape `OT1/ptm/bx/it' in size <12> not available
(Font)              Font shape `OT1/ptm/b/it' tried instead on input line 1090.

LaTeX Font Info:    Font shape `OT1/ptm/bx/n' in size <17> not available
(Font)              Font shape `OT1/ptm/b/n' tried instead on input line 1090.
LaTeX Font Info:    Font shape `OT1/ptm/bx/it' in size <17> not available
(Font)              Font shape `OT1/ptm/b/it' tried instead on input line 1090.

LaTeX Font Info:    Font shape `OT1/ptm/bx/n' in size <20> not available
(Font)              Font shape `OT1/ptm/b/n' tried instead on input line 1090.
LaTeX Font Info:    Font shape `OT1/ptm/bx/it' in size <20> not available
(Font)              Font shape `OT1/ptm/b/it' tried instead on input line 1090.

LaTeX Font Info:    Font shape `OT1/ptm/bx/n' in size <24> not available
(Font)              Font shape `OT1/ptm/b/n' tried instead on input line 1090.
LaTeX Font Info:    Font shape `OT1/ptm/bx/it' in size <24> not available
(Font)              Font shape `OT1/ptm/b/it' tried instead on input line 1090.

\IEEEquantizedlength=\dimen109
\IEEEquantizedlengthdiff=\dimen110
\IEEEquantizedtextheightdiff=\dimen111
\IEEEilabelindentA=\dimen112
\IEEEilabelindentB=\dimen113
\IEEEilabelindent=\dimen114
\IEEEelabelindent=\dimen115
\IEEEdlabelindent=\dimen116
\IEEElabelindent=\dimen117
\IEEEiednormlabelsep=\dimen118
\IEEEiedmathlabelsep=\dimen119
\IEEEiedtopsep=\skip41
\c@section=\count82
\c@subsection=\count83
\c@subsubsection=\count84
\c@paragraph=\count85
\c@IEEEsubequation=\count86
\abovecaptionskip=\skip42
\belowcaptionskip=\skip43
\c@figure=\count87
\c@table=\count88
\@IEEEeqnnumcols=\count89
\@IEEEeqncolcnt=\count90
\@IEEEsubeqnnumrollback=\count91
\@IEEEquantizeheightA=\dimen120
\@IEEEquantizeheightB=\dimen121
\@IEEEquantizeheightC=\dimen122
\@IEEEquantizeprevdepth=\dimen123
\@IEEEquantizemultiple=\count92
\@IEEEquantizeboxA=\box26
\@IEEEtmpitemindent=\dimen124
\IEEEPARstartletwidth=\dimen125
\c@IEEEbiography=\count93
\@IEEEtranrubishbin=\box27
) (/usr/share/texlive/texmf-dist/tex/latex/float/float.sty
Package: float 2001/11/08 v1.3d Float enhancements (AL)
\c@float@type=\count94
\float@exts=\toks15
\float@box=\box28
\@float@everytoks=\toks16
\@floatcapt=\box29
)
(/usr/share/texmf/tex/latex/xcolor/xcolor.sty
Package: xcolor 2007/01/21 v2.11 LaTeX color extensions (UK)

(/usr/share/texlive/texmf-dist/tex/latex/latexconfig/color.cfg
File: color.cfg 2007/01/18 v1.5 color configuration of teTeX/TeXLive
)
Package xcolor Info: Driver file: pdftex.def on input line 225.

(/usr/share/texlive/texmf-dist/tex/latex/pdftex-def/pdftex.def
File: pdftex.def 2011/05/27 v0.06d Graphics/color for pdfTeX

(/usr/share/texlive/texmf-dist/tex/generic/oberdiek/infwarerr.sty
Package: infwarerr 2010/04/08 v1.3 Providing info/warning/error messages (HO)
)
(/usr/share/texlive/texmf-dist/tex/generic/oberdiek/ltxcmds.sty
Package: ltxcmds 2011/11/09 v1.22 LaTeX kernel commands for general use (HO)
)
\Gread@gobject=\count95
)
Package xcolor Info: Model `cmy' substituted by `cmy0' on input line 1337.
Package xcolor Info: Model `hsb' substituted by `rgb' on input line 1341.
Package xcolor Info: Model `RGB' extended on input line 1353.
Package xcolor Info: Model `HTML' substituted by `rgb' on input line 1355.
Package xcolor Info: Model `Hsb' substituted by `hsb' on input line 1356.
Package xcolor Info: Model `tHsb' substituted by `hsb' on input line 1357.
Package xcolor Info: Model `HSB' substituted by `hsb' on input line 1358.
Package xcolor Info: Model `Gray' substituted by `gray' on input line 1359.
Package xcolor Info: Model `wave' substituted by `hsb' on input line 1360.
)
(/usr/share/texlive/texmf-dist/tex/latex/mh/mathtools.sty
Package: mathtools 2013/02/12 v1.13 mathematical typesetting tools

(/usr/share/texlive/texmf-dist/tex/latex/graphics/keyval.sty
Package: keyval 1999/03/16 v1.13 key=value parser (DPC)
\KV@toks@=\toks17
)
(/usr/share/texlive/texmf-dist/tex/latex/tools/calc.sty
Package: calc 2007/08/22 v4.3 Infix arithmetic (KKT,FJ)
\calc@Acount=\count96
\calc@Bcount=\count97
\calc@Adimen=\dimen126
\calc@Bdimen=\dimen127
\calc@Askip=\skip44
\calc@Bskip=\skip45
LaTeX Info: Redefining \setlength on input line 76.
LaTeX Info: Redefining \addtolength on input line 77.
\calc@Ccount=\count98
\calc@Cskip=\skip46
)
(/usr/share/texlive/texmf-dist/tex/latex/mh/mhsetup.sty
Package: mhsetup 2010/01/21 v1.2a programming setup (MH)
)
(/usr/share/texlive/texmf-dist/tex/latex/amsmath/amsmath.sty
Package: amsmath 2013/01/14 v2.14 AMS math features
\@mathmargin=\skip47

For additional information on amsmath, use the `?' option.
(/usr/share/texlive/texmf-dist/tex/latex/amsmath/amstext.sty
Package: amstext 2000/06/29 v2.01

(/usr/share/texlive/texmf-dist/tex/latex/amsmath/amsgen.sty
File: amsgen.sty 1999/11/30 v2.0
\@emptytoks=\toks18
\ex@=\dimen128
))
(/usr/share/texlive/texmf-dist/tex/latex/amsmath/amsbsy.sty
Package: amsbsy 1999/11/29 v1.2d
\pmbraise@=\dimen129
)
(/usr/share/texlive/texmf-dist/tex/latex/amsmath/amsopn.sty
Package: amsopn 1999/12/14 v2.01 operator names
)
\inf@bad=\count99
LaTeX Info: Redefining \frac on input line 210.
\uproot@=\count100
\leftroot@=\count101
LaTeX Info: Redefining \overline on input line 306.
\classnum@=\count102
\DOTSCASE@=\count103
LaTeX Info: Redefining \ldots on input line 378.
LaTeX Info: Redefining \dots on input line 381.
LaTeX Info: Redefining \cdots on input line 466.
\Mathstrutbox@=\box30
\strutbox@=\box31
\big@size=\dimen130
LaTeX Font Info:    Redeclaring font encoding OML on input line 566.
LaTeX Font Info:    Redeclaring font encoding OMS on input line 567.
\macc@depth=\count104
\c@MaxMatrixCols=\count105
\dotsspace@=\muskip10
\c@parentequation=\count106
\dspbrk@lvl=\count107
\tag@help=\toks19
\row@=\count108
\column@=\count109
\maxfields@=\count110
\andhelp@=\toks20
\eqnshift@=\dimen131
\alignsep@=\dimen132
\tagshift@=\dimen133
\tagwidth@=\dimen134
\totwidth@=\dimen135
\lineht@=\dimen136
\@envbody=\toks21
\multlinegap=\skip48
\multlinetaggap=\skip49
\mathdisplay@stack=\toks22
LaTeX Info: Redefining \[ on input line 2665.
LaTeX Info: Redefining \] on input line 2666.
)
LaTeX Info: Thecontrolsequence`\['isalreadyrobust on input line 129.
LaTeX Info: Thecontrolsequence`\]'isalreadyrobust on input line 129.
\g_MT_multlinerow_int=\count111
\l_MT_multwidth_dim=\dimen137
\origjot=\skip50
\l_MT_shortvdotswithinadjustabove_dim=\dimen138
\l_MT_shortvdotswithinadjustbelow_dim=\dimen139
\l_MT_above_intertext_sep=\dimen140
\l_MT_below_intertext_sep=\dimen141
\l_MT_above_shortintertext_sep=\dimen142
\l_MT_below_shortintertext_sep=\dimen143
)
(/usr/share/texlive/texmf-dist/tex/latex/tools/enumerate.sty
Package: enumerate 1999/03/05 v3.00 enumerate extensions (DPC)
\@enLab=\toks23
)
(/usr/share/texlive/texmf-dist/tex/latex/multirow/multirow.sty
\bigstrutjot=\dimen144
)
(/usr/share/texlive/texmf-dist/tex/latex/amsfonts/amssymb.sty
Package: amssymb 2013/01/14 v3.01 AMS font symbols

(/usr/share/texlive/texmf-dist/tex/latex/amsfonts/amsfonts.sty
Package: amsfonts 2013/01/14 v3.01 Basic AMSFonts support
\symAMSa=\mathgroup4
\symAMSb=\mathgroup5
LaTeX Font Info:    Overwriting math alphabet `\mathfrak' in version `bold'
(Font)                  U/euf/m/n --> U/euf/b/n on input line 106.
))
(/usr/share/texlive/texmf-dist/tex/latex/eqnarray/eqnarray.sty
equationarray 1.3 <December 1, 2010>
Package: eqnarray 
(/usr/share/texlive/texmf-dist/tex/latex/tools/array.sty
Package: array 2008/09/09 v2.4c Tabular extension package (FMi)
\col@sep=\dimen145
\extrarowheight=\dimen146
\NC@list=\toks24
\extratabsurround=\skip51
\backup@length=\skip52
)
\@eqargcnt=\count112
)
(/usr/share/texlive/texmf-dist/tex/latex/booktabs/booktabs.sty
Package: booktabs 2005/04/14 v1.61803 publication quality tables
\heavyrulewidth=\dimen147
\lightrulewidth=\dimen148
\cmidrulewidth=\dimen149
\belowrulesep=\dimen150
\belowbottomsep=\dimen151
\aboverulesep=\dimen152
\abovetopsep=\dimen153
\cmidrulesep=\dimen154
\cmidrulekern=\dimen155
\defaultaddspace=\dimen156
\@cmidla=\count113
\@cmidlb=\count114
\@aboverulesep=\dimen157
\@belowrulesep=\dimen158
\@thisruleclass=\count115
\@lastruleclass=\count116
\@thisrulewidth=\dimen159
)
(/usr/share/texlive/texmf-dist/tex/latex/algorithms/algorithm.sty
Package: algorithm 2009/08/24 v0.1 Document Style `algorithm' - floating enviro
nment

(/usr/share/texlive/texmf-dist/tex/latex/base/ifthen.sty
Package: ifthen 2001/05/26 v1.1c Standard LaTeX ifthen package (DPC)
)
\@float@every@algorithm=\toks25
\c@algorithm=\count117
) (./clrscode3e.sty
Package: clrscode3e 

(/usr/share/texlive/texmf-dist/tex/latex/graphics/graphics.sty
Package: graphics 2009/02/05 v1.0o Standard LaTeX Graphics (DPC,SPQR)

(/usr/share/texlive/texmf-dist/tex/latex/graphics/trig.sty
Package: trig 1999/03/16 v1.09 sin cos tan (DPC)
)
(/usr/share/texlive/texmf-dist/tex/latex/latexconfig/graphics.cfg
File: graphics.cfg 2010/04/23 v1.9 graphics configuration of TeX Live
)
Package graphics Info: Driver file: pdftex.def on input line 91.
)
\c@codelinenumber=\count118
\c@indent=\count119
\digitwidth=\skip53
\savecode=\box32
\codeboxwidth=\skip54
\c@thisindent=\count120
)
(/usr/share/texlive/texmf-dist/tex/latex/graphics/graphicx.sty
Package: graphicx 1999/02/16 v1.0f Enhanced LaTeX Graphics (DPC,SPQR)
\Gin@req@height=\dimen160
\Gin@req@width=\dimen161
)
(/usr/share/texlive/texmf-dist/tex/latex/caption/caption.sty
Package: caption 2013/05/02 v3.3-89 Customizing captions (AR)

(/usr/share/texlive/texmf-dist/tex/latex/caption/caption3.sty
Package: caption3 2013/05/02 v1.6-88 caption3 kernel (AR)
Package caption3 Info: TeX engine: e-TeX on input line 57.
\captionmargin=\dimen162
\captionmargin@=\dimen163
\captionwidth=\dimen164
\caption@tempdima=\dimen165
\caption@indent=\dimen166
\caption@parindent=\dimen167
\caption@hangindent=\dimen168
Package caption Info: Unknown document class (or package),
(caption)             standard defaults will be used.
)

Package caption Warning: Unsupported document class (or package) detected,
(caption)                usage of the caption package is not recommended.
See the caption package documentation for explanation.

Package caption Info: \@makecaption = \long macro:#1#2->\ifx \@captype \@IEEEta
blestring \footnotesize \bgroup \par \centering \@IEEEtabletopskipstrut {\norma
lfont \footnotesize #1}\\{\normalfont \footnotesize \scshape #2}\par \addvspace
 {0.5\baselineskip }\egroup \@IEEEtablecaptionsepspace \else \@IEEEfigurecaptio
nsepspace \setbox \@tempboxa \hbox {\normalfont \footnotesize {#1.}\nobreakspac
e \nobreakspace #2}\ifdim \wd \@tempboxa >\hsize \setbox \@tempboxa \hbox {\nor
malfont \footnotesize {#1.}\nobreakspace \nobreakspace }\parbox [t]{\hsize }{\n
ormalfont \footnotesize \noindent \unhbox \@tempboxa #2}\else \ifCLASSOPTIONcon
ference \hbox to\hsize {\normalfont \footnotesize \hfil \box \@tempboxa \hfil }
\else \hbox to\hsize {\normalfont \footnotesize \box \@tempboxa \hfil }\fi \fi 
\fi .
\c@ContinuedFloat=\count121
Package caption Info: float package is loaded.
) (/usr/share/texlive/texmf-dist/tex/latex/subfig/subfig.sty
Package: subfig 2005/06/28 ver: 1.3 subfig package
\c@KVtest=\count122
\sf@farskip=\skip55
\sf@captopadj=\dimen169
\sf@capskip=\skip56
\sf@nearskip=\skip57
\c@subfigure=\count123
\c@subfigure@save=\count124
\c@lofdepth=\count125
\c@subtable=\count126
\c@subtable@save=\count127
\c@lotdepth=\count128
\sf@top=\skip58
\sf@bottom=\skip59
) (./znni_arXiv.aux)
\openout1 = `znni_arXiv.aux'.

LaTeX Font Info:    Checking defaults for OML/cmm/m/it on input line 48.
LaTeX Font Info:    ... okay on input line 48.
LaTeX Font Info:    Checking defaults for T1/cmr/m/n on input line 48.
LaTeX Font Info:    ... okay on input line 48.
LaTeX Font Info:    Checking defaults for OT1/cmr/m/n on input line 48.
LaTeX Font Info:    ... okay on input line 48.
LaTeX Font Info:    Checking defaults for OMS/cmsy/m/n on input line 48.
LaTeX Font Info:    ... okay on input line 48.
LaTeX Font Info:    Checking defaults for OMX/cmex/m/n on input line 48.
LaTeX Font Info:    ... okay on input line 48.
LaTeX Font Info:    Checking defaults for U/cmr/m/n on input line 48.
LaTeX Font Info:    ... okay on input line 48.

-- Lines per column: 56 (exact).
(/usr/share/texlive/texmf-dist/tex/context/base/supp-pdf.mkii
[Loading MPS to PDF converter (version 2006.09.02).]
\scratchcounter=\count129
\scratchdimen=\dimen170
\scratchbox=\box33
\nofMPsegments=\count130
\nofMParguments=\count131
\everyMPshowfont=\toks26
\MPscratchCnt=\count132
\MPscratchDim=\dimen171
\MPnumerator=\count133
\makeMPintoPDFobject=\count134
\everyMPtoPDFconversion=\toks27
) (/usr/share/texlive/texmf-dist/tex/generic/oberdiek/pdftexcmds.sty
Package: pdftexcmds 2011/11/29 v0.20 Utility functions of pdfTeX for LuaTeX (HO
)

(/usr/share/texlive/texmf-dist/tex/generic/oberdiek/ifluatex.sty
Package: ifluatex 2010/03/01 v1.3 Provides the ifluatex switch (HO)
Package ifluatex Info: LuaTeX not detected.
)
(/usr/share/texlive/texmf-dist/tex/generic/oberdiek/ifpdf.sty
Package: ifpdf 2011/01/30 v2.3 Provides the ifpdf switch (HO)
Package ifpdf Info: pdfTeX in PDF mode is detected.
)
Package pdftexcmds Info: LuaTeX not detected.
Package pdftexcmds Info: \pdf@primitive is available.
Package pdftexcmds Info: \pdf@ifprimitive is available.
Package pdftexcmds Info: \pdfdraftmode found.
)
(/usr/share/texlive/texmf-dist/tex/latex/oberdiek/epstopdf-base.sty
Package: epstopdf-base 2010/02/09 v2.5 Base part for package epstopdf

(/usr/share/texlive/texmf-dist/tex/latex/oberdiek/grfext.sty
Package: grfext 2010/08/19 v1.1 Manage graphics extensions (HO)

(/usr/share/texlive/texmf-dist/tex/generic/oberdiek/kvdefinekeys.sty
Package: kvdefinekeys 2011/04/07 v1.3 Define keys (HO)
))
(/usr/share/texlive/texmf-dist/tex/latex/oberdiek/kvoptions.sty
Package: kvoptions 2011/06/30 v3.11 Key value format for package options (HO)

(/usr/share/texlive/texmf-dist/tex/generic/oberdiek/kvsetkeys.sty
Package: kvsetkeys 2012/04/25 v1.16 Key value parser (HO)

(/usr/share/texlive/texmf-dist/tex/generic/oberdiek/etexcmds.sty
Package: etexcmds 2011/02/16 v1.5 Avoid name clashes with e-TeX commands (HO)
Package etexcmds Info: Could not find \expanded.
(etexcmds)             That can mean that you are not using pdfTeX 1.50 or
(etexcmds)             that some package has redefined \expanded.
(etexcmds)             In the latter case, load this package earlier.
)))
Package grfext Info: Graphics extension search list:
(grfext)             [.png,.pdf,.jpg,.mps,.jpeg,.jbig2,.jb2,.PNG,.PDF,.JPG,.JPE
G,.JBIG2,.JB2,.eps]
(grfext)             \AppendGraphicsExtensions on input line 452.

(/usr/share/texlive/texmf-dist/tex/latex/latexconfig/epstopdf-sys.cfg
File: epstopdf-sys.cfg 2010/07/13 v1.3 Configuration of (r)epstopdf for TeX Liv
e
))
Package caption Info: Begin \AtBeginDocument code.
Package caption Info: subfig package v1.3 is loaded.
Package caption Info: End \AtBeginDocument code.
LaTeX Font Info:    Calculating math sizes for size <11> on input line 78.
LaTeX Font Info:    Try loading font information for U+msa on input line 78.

(/usr/share/texlive/texmf-dist/tex/latex/amsfonts/umsa.fd
File: umsa.fd 2013/01/14 v3.01 AMS symbols A
)
LaTeX Font Info:    Try loading font information for U+msb on input line 78.

(/usr/share/texlive/texmf-dist/tex/latex/amsfonts/umsb.fd
File: umsb.fd 2013/01/14 v3.01 AMS symbols B
)
LaTeX Font Info:    Try loading font information for OT1+pcr on input line 78.

(/usr/share/texlive/texmf-dist/tex/latex/psnfss/ot1pcr.fd
File: ot1pcr.fd 2001/06/04 font definitions for OT1/pcr.
)
<alllayersram.pdf, id=1, 691.58376pt x 364.36125pt>
File: alllayersram.pdf Graphic file (type pdf)
 <use alllayersram.pdf>
Package pdftex.def Info: alllayersram.pdf used on input line 173.
(pdftex.def)             Requested size: 199.07831pt x 104.8837pt.

Underfull \vbox (badness 10000) has occurred while \output is active []

 [1{/var/lib/texmf/fonts/map/pdftex/updmap/pdftex.map}


 <./alllayersram.pdf>] [2]
Underfull \hbox (badness 1874) in paragraph at lines 375--380
[]\OT1/ptm/m/n/10 While our pruned FFT al-go-rithms give a sub-stan-tial
 []

<pruned_ffts.pdf, id=31, 580.1675pt x 539.01375pt>
File: pruned_ffts.pdf Graphic file (type pdf)
 <use pruned_ffts.pdf>
Package pdftex.def Info: pruned_ffts.pdf used on input line 383.
(pdftex.def)             Requested size: 123.48138pt x 114.71779pt.

[3 <./pruned_ffts.pdf>] [4] [5]
Package epstopdf Info: Source file: <deps.eps>
(epstopdf)                    date: 2016-06-17 18:05:30
(epstopdf)                    size: 100432 bytes
(epstopdf)             Output file: <deps-eps-converted-to.pdf>
(epstopdf)                    date: 2016-06-17 18:05:30
(epstopdf)                    size: 20843 bytes
(epstopdf)             Command: <repstopdf --outfile=deps-eps-converted-to.pdf 
deps.eps>
(epstopdf)             \includegraphics on input line 788.
Package epstopdf Info: Output file is already uptodate.

<deps-eps-converted-to.pdf, id=62, 2238.3625pt x 1537.745pt>
File: deps-eps-converted-to.pdf Graphic file (type pdf)

<use deps-eps-converted-to.pdf>
Package pdftex.def Info: deps-eps-converted-to.pdf used on input line 788.
(pdftex.def)             Requested size: 214.20154pt x 147.14317pt.
 [6 <./deps-eps-converted-to.pdf>] [7]
Package epstopdf Info: Source file: <batch1.eps>
(epstopdf)                    date: 2016-06-17 18:05:30
(epstopdf)                    size: 33943 bytes
(epstopdf)             Output file: <batch1-eps-converted-to.pdf>
(epstopdf)                    date: 2016-06-17 18:05:30
(epstopdf)                    size: 10627 bytes
(epstopdf)             Command: <repstopdf --outfile=batch1-eps-converted-to.pd
f batch1.eps>
(epstopdf)             \includegraphics on input line 1131.
Package epstopdf Info: Output file is already uptodate.

<batch1-eps-converted-to.pdf, id=72, 421.575pt x 316.18124pt>
File: batch1-eps-converted-to.pdf Graphic file (type pdf)

<use batch1-eps-converted-to.pdf>
Package pdftex.def Info: batch1-eps-converted-to.pdf used on input line 1131.
(pdftex.def)             Requested size: 126.0pt x 99.70538pt.
Package epstopdf Info: Source file: <batch2.eps>
(epstopdf)                    date: 2016-06-17 18:05:30
(epstopdf)                    size: 93033 bytes
(epstopdf)             Output file: <batch2-eps-converted-to.pdf>
(epstopdf)                    date: 2016-06-17 18:05:30
(epstopdf)                    size: 11264 bytes
(epstopdf)             Command: <repstopdf --outfile=batch2-eps-converted-to.pd
f batch2.eps>
(epstopdf)             \includegraphics on input line 1135.
Package epstopdf Info: Output file is already uptodate.

<batch2-eps-converted-to.pdf, id=74, 421.575pt x 316.18124pt>
File: batch2-eps-converted-to.pdf Graphic file (type pdf)

<use batch2-eps-converted-to.pdf>
Package pdftex.def Info: batch2-eps-converted-to.pdf used on input line 1135.
(pdftex.def)             Requested size: 126.0pt x 99.70538pt.

Overfull \hbox (7.00012pt too wide) in paragraph at lines 1131--1139
 [][][] 
 []

Package epstopdf Info: Source file: <m36s.eps>
(epstopdf)                    date: 2016-06-17 18:05:30
(epstopdf)                    size: 90713 bytes
(epstopdf)             Output file: <m36s-eps-converted-to.pdf>
(epstopdf)                    date: 2016-06-17 18:05:30
(epstopdf)                    size: 9279 bytes
(epstopdf)             Command: <repstopdf --outfile=m36s-eps-converted-to.pdf 
m36s.eps>
(epstopdf)             \includegraphics on input line 1164.
Package epstopdf Info: Output file is already uptodate.
<m36s-eps-converted-to.pdf, id=76, 489.83pt x 301.125pt>
File: m36s-eps-converted-to.pdf Graphic file (type pdf)

<use m36s-eps-converted-to.pdf>
Package pdftex.def Info: m36s-eps-converted-to.pdf used on input line 1164.
(pdftex.def)             Requested size: 129.0pt x 86.05287pt.
Package epstopdf Info: Source file: <m56s.eps>
(epstopdf)                    date: 2016-06-17 18:05:30
(epstopdf)                    size: 91513 bytes
(epstopdf)             Output file: <m56s-eps-converted-to.pdf>
(epstopdf)                    date: 2016-06-17 18:05:30
(epstopdf)                    size: 9263 bytes
(epstopdf)             Command: <repstopdf --outfile=m56s-eps-converted-to.pdf 
m56s.eps>
(epstopdf)             \includegraphics on input line 1166.
Package epstopdf Info: Output file is already uptodate.

<m56s-eps-converted-to.pdf, id=78, 489.83pt x 301.125pt>
File: m56s-eps-converted-to.pdf Graphic file (type pdf)

<use m56s-eps-converted-to.pdf>
Package pdftex.def Info: m56s-eps-converted-to.pdf used on input line 1166.
(pdftex.def)             Requested size: 129.0pt x 86.05287pt.
Package epstopdf Info: Source file: <m76s.eps>
(epstopdf)                    date: 2016-06-17 18:05:30
(epstopdf)                    size: 94771 bytes
(epstopdf)             Output file: <m76s-eps-converted-to.pdf>
(epstopdf)                    date: 2016-06-17 18:05:30
(epstopdf)                    size: 9673 bytes
(epstopdf)             Command: <repstopdf --outfile=m76s-eps-converted-to.pdf 
m76s.eps>
(epstopdf)             \includegraphics on input line 1168.
Package epstopdf Info: Output file is already uptodate.

<m76s-eps-converted-to.pdf, id=80, 489.83pt x 301.125pt>
File: m76s-eps-converted-to.pdf Graphic file (type pdf)

<use m76s-eps-converted-to.pdf>
Package pdftex.def Info: m76s-eps-converted-to.pdf used on input line 1168.
(pdftex.def)             Requested size: 129.0pt x 86.05287pt.
Package epstopdf Info: Source file: <m96s.eps>
(epstopdf)                    date: 2016-06-17 18:05:30
(epstopdf)                    size: 91842 bytes
(epstopdf)             Output file: <m96s-eps-converted-to.pdf>
(epstopdf)                    date: 2016-06-17 18:05:30
(epstopdf)                    size: 9374 bytes
(epstopdf)             Command: <repstopdf --outfile=m96s-eps-converted-to.pdf 
m96s.eps>
(epstopdf)             \includegraphics on input line 1170.
Package epstopdf Info: Output file is already uptodate.

<m96s-eps-converted-to.pdf, id=82, 489.83pt x 301.125pt>
File: m96s-eps-converted-to.pdf Graphic file (type pdf)

<use m96s-eps-converted-to.pdf>
Package pdftex.def Info: m96s-eps-converted-to.pdf used on input line 1170.
(pdftex.def)             Requested size: 129.0pt x 86.05287pt.
 [8 <./batch1-eps-converted-to.pdf> <./batch2-eps-converted-to.pdf>] <gpuram1.p
df, id=104, 115.43124pt x 196.735pt>
File: gpuram1.pdf Graphic file (type pdf)

<use gpuram1.pdf>
Package pdftex.def Info: gpuram1.pdf used on input line 1309.
(pdftex.def)             Requested size: 36.12378pt x 61.56657pt.
 <gpuram2.pdf, id=105, 561.09625pt x 241.90375pt>
File: gpuram2.pdf Graphic file (type pdf)

<use gpuram2.pdf>
Package pdftex.def Info: gpuram2.pdf used on input line 1313.
(pdftex.def)             Requested size: 154.80157pt x 66.73596pt.
 [9 <./m36s-eps-converted-to.pdf> <./m56s-eps-converted-to.pdf> <./m76s-eps-con
verted-to.pdf> <./m96s-eps-converted-to.pdf> <./gpuram1.pdf

pdfTeX warning: pdflatex (file ./gpuram1.pdf): PDF inclusion: multiple pdfs wit
h page group included in a single page
> <./gpuram2.pdf

pdfTeX warning: pdflatex (file ./gpuram2.pdf): PDF inclusion: multiple pdfs wit
h page group included in a single page
>]
Package epstopdf Info: Source file: <m36x.eps>
(epstopdf)                    date: 2016-06-17 18:05:30
(epstopdf)                    size: 90911 bytes
(epstopdf)             Output file: <m36x-eps-converted-to.pdf>
(epstopdf)                    date: 2016-06-17 18:05:30
(epstopdf)                    size: 9713 bytes
(epstopdf)             Command: <repstopdf --outfile=m36x-eps-converted-to.pdf 
m36x.eps>
(epstopdf)             \includegraphics on input line 1382.
Package epstopdf Info: Output file is already uptodate.
 <m36x-eps-converted-to.pdf, id=156, 451.6875pt x 301.125pt>
File: m36x-eps-converted-to.pdf Graphic file (type pdf)

<use m36x-eps-converted-to.pdf>
Package pdftex.def Info: m36x-eps-converted-to.pdf used on input line 1382.
(pdftex.def)             Requested size: 129.0pt x 94.07695pt.
Package epstopdf Info: Source file: <m56x.eps>
(epstopdf)                    date: 2016-06-17 18:05:30
(epstopdf)                    size: 91659 bytes
(epstopdf)             Output file: <m56x-eps-converted-to.pdf>
(epstopdf)                    date: 2016-06-17 18:05:30
(epstopdf)                    size: 9606 bytes
(epstopdf)             Command: <repstopdf --outfile=m56x-eps-converted-to.pdf 
m56x.eps>
(epstopdf)             \includegraphics on input line 1384.
Package epstopdf Info: Output file is already uptodate.

<m56x-eps-converted-to.pdf, id=158, 451.6875pt x 301.125pt>
File: m56x-eps-converted-to.pdf Graphic file (type pdf)

<use m56x-eps-converted-to.pdf>
Package pdftex.def Info: m56x-eps-converted-to.pdf used on input line 1384.
(pdftex.def)             Requested size: 129.0pt x 94.07695pt.
Package epstopdf Info: Source file: <m76x.eps>
(epstopdf)                    date: 2016-06-17 18:05:30
(epstopdf)                    size: 89830 bytes
(epstopdf)             Output file: <m76x-eps-converted-to.pdf>
(epstopdf)                    date: 2016-06-17 18:05:30
(epstopdf)                    size: 9614 bytes
(epstopdf)             Command: <repstopdf --outfile=m76x-eps-converted-to.pdf 
m76x.eps>
(epstopdf)             \includegraphics on input line 1386.
Package epstopdf Info: Output file is already uptodate.

<m76x-eps-converted-to.pdf, id=160, 451.6875pt x 301.125pt>
File: m76x-eps-converted-to.pdf Graphic file (type pdf)

<use m76x-eps-converted-to.pdf>
Package pdftex.def Info: m76x-eps-converted-to.pdf used on input line 1386.
(pdftex.def)             Requested size: 129.0pt x 94.07695pt.
Package epstopdf Info: Source file: <m96x.eps>
(epstopdf)                    date: 2016-06-17 18:05:30
(epstopdf)                    size: 88827 bytes
(epstopdf)             Output file: <m96x-eps-converted-to.pdf>
(epstopdf)                    date: 2016-06-17 18:05:30
(epstopdf)                    size: 9508 bytes
(epstopdf)             Command: <repstopdf --outfile=m96x-eps-converted-to.pdf 
m96x.eps>
(epstopdf)             \includegraphics on input line 1388.
Package epstopdf Info: Output file is already uptodate.

<m96x-eps-converted-to.pdf, id=162, 451.6875pt x 301.125pt>
File: m96x-eps-converted-to.pdf Graphic file (type pdf)

<use m96x-eps-converted-to.pdf>
Package pdftex.def Info: m96x-eps-converted-to.pdf used on input line 1388.
(pdftex.def)             Requested size: 129.0pt x 94.07695pt.

<layer_vs_batch.pdf, id=164, 762.85pt x 217.81375pt>
File: layer_vs_batch.pdf Graphic file (type pdf)
 <use layer_vs_batch.pdf>
Package pdftex.def Info: layer_vs_batch.pdf used on input line 1398.
(pdftex.def)             Requested size: 249.48138pt x 71.23065pt.

[10 <./layer_vs_batch.pdf>]
Missing character: There is no â in font ptmr7t!
Missing character: There is no € in font ptmr7t!
Missing character: There is no “ in font ptmr7t!
 [11 <./m36x-eps-converted-to.pdf> <./m56x-eps-converted-to.pdf> <./m76x-eps-co
nverted-to.pdf> <./m96x-eps-converted-to.pdf>]
Missing character: There is no â in font ptmr7t!
Missing character: There is no € in font ptmr7t!
Missing character: There is no “ in font ptmr7t!
Missing character: There is no â in font ptmr7t!
Missing character: There is no € in font ptmr7t!
Missing character: There is no “ in font ptmr7t!

Underfull \hbox (badness 1354) in paragraph at lines 1693--1696
\OT1/ptm/m/n/8 clas-si-fi-ca-tion on het-ero-ge-neous hard-ware sys-tems,'' \OT
1/ptm/m/it/8 arXiv preprint
 []

Missing character: There is no â in font ptmr7t!
Missing character: There is no € in font ptmr7t!
Missing character: There is no ™ in font ptmr7t!
LaTeX Font Info:    Try loading font information for OMS+ptm on input line 1779
.
(/usr/share/texlive/texmf-dist/tex/latex/psnfss/omsptm.fd
File: omsptm.fd 
)
LaTeX Font Info:    Font shape `OMS/ptm/m/n' in size <8> not available
(Font)              Font shape `OMS/cmsy/m/n' tried instead on input line 1779.



** Conference Paper **
Before submitting the final camera ready copy, remember to:

 1. Manually equalize the lengths of two columns on the last page
 of your paper;

 2. Ensure that any PostScript and/or PDF output post-processing
 uses only Type 1 fonts and that every step in the generation
 process uses the appropriate paper size.

[12] (./znni_arXiv.aux)

LaTeX Warning: Label(s) may have changed. Rerun to get cross-references right.

 ) 
Here is how much of TeX's memory you used:
 6085 strings out of 493304
 93826 string characters out of 6139870
 183430 words of memory out of 5000000
 9399 multiletter control sequences out of 15000+600000
 58221 words of font info for 125 fonts, out of 8000000 for 9000
 958 hyphenation exceptions out of 8191
 38i,17n,47p,634b,501s stack positions out of 5000i,500n,10000p,200000b,80000s
{/usr/share/texlive/texmf-dist/fonts/enc/dvips/base/8r.enc}</usr/share/texliv
e/texmf-dist/fonts/type1/public/amsfonts/cm/cmex10.pfb></usr/share/texlive/texm
f-dist/fonts/type1/public/amsfonts/cmextra/cmex8.pfb></usr/share/texlive/texmf-
dist/fonts/type1/public/amsfonts/cmextra/cmex9.pfb></usr/share/texlive/texmf-di
st/fonts/type1/public/amsfonts/cm/cmmi10.pfb></usr/share/texlive/texmf-dist/fon
ts/type1/public/amsfonts/cm/cmmi6.pfb></usr/share/texlive/texmf-dist/fonts/type
1/public/amsfonts/cm/cmmi7.pfb></usr/share/texlive/texmf-dist/fonts/type1/publi
c/amsfonts/cm/cmmi8.pfb></usr/share/texlive/texmf-dist/fonts/type1/public/amsfo
nts/cm/cmmi9.pfb></usr/share/texlive/texmf-dist/fonts/type1/public/amsfonts/cm/
cmr10.pfb></usr/share/texlive/texmf-dist/fonts/type1/public/amsfonts/cm/cmr6.pf
b></usr/share/texlive/texmf-dist/fonts/type1/public/amsfonts/cm/cmr7.pfb></usr/
share/texlive/texmf-dist/fonts/type1/public/amsfonts/cm/cmr8.pfb></usr/share/te
xlive/texmf-dist/fonts/type1/public/amsfonts/cm/cmr9.pfb></usr/share/texlive/te
xmf-dist/fonts/type1/public/amsfonts/cm/cmsy10.pfb></usr/share/texlive/texmf-di
st/fonts/type1/public/amsfonts/cm/cmsy5.pfb></usr/share/texlive/texmf-dist/font
s/type1/public/amsfonts/cm/cmsy6.pfb></usr/share/texlive/texmf-dist/fonts/type1
/public/amsfonts/cm/cmsy7.pfb></usr/share/texlive/texmf-dist/fonts/type1/public
/amsfonts/cm/cmsy8.pfb></usr/share/texlive/texmf-dist/fonts/type1/public/amsfon
ts/cm/cmsy9.pfb></usr/share/texlive/texmf-dist/fonts/type1/public/amsfonts/cm/c
mti10.pfb></usr/share/texlive/texmf-dist/fonts/type1/urw/courier/ucrr8a.pfb></u
sr/share/texlive/texmf-dist/fonts/type1/urw/times/utmb8a.pfb></usr/share/texliv
e/texmf-dist/fonts/type1/urw/times/utmbi8a.pfb></usr/share/texlive/texmf-dist/f
onts/type1/urw/times/utmr8a.pfb></usr/share/texlive/texmf-dist/fonts/type1/urw/
times/utmri8a.pfb>
Output written on znni_arXiv.pdf (12 pages, 666958 bytes).
PDF statistics:
 299 PDF objects out of 1000 (max. 8388607)
 209 compressed objects within 3 object streams
 0 named destinations out of 1000 (max. 500000)
 141 words of extra memory for PDF output out of 10000 (max. 10000000)

