#
# A fatal error has been detected by the Java Runtime Environment:
#
#  SIGSEGV (0xb) at pc=0x000012344060dd17, pid=41115, tid=1299
#
# JRE version: Java(TM) SE Runtime Environment (7.0_55-b13) (build 1.7.0_55-b13)
# Java VM: Java HotSpot(TM) 64-Bit Server VM (24.55-b03 mixed mode bsd-amd64 compressed oops)
# Problematic frame:
# C  [GeForceGLDriver+0x60dd17]  gldBlitFramebufferData+0x2f280f
#
# Failed to write core dump. Core dumps have been disabled. To enable core dumping, try "ulimit -c unlimited" before starting Java again
#
# If you would like to submit a bug report, please visit:
#   http://bugreport.sun.com/bugreport/crash.jsp
# The crash happened outside the Java Virtual Machine in native code.
# See problematic frame for where to report the bug.
#

---------------  T H R E A D  ---------------

Current thread (0x00007fda0c03e000):  JavaThread "AppKit Thread" daemon [_thread_in_native, id=1299, stack(0x00007fff54ff6000,0x00007fff55076000)]

siginfo:si_signo=SIGSEGV: si_errno=0, si_code=1 (SEGV_MAPERR), si_addr=0x0000000000000000

Registers:
RAX=0x00000001228f9000, RBX=0x00007fda0a458718, RCX=0x0000000000000002, RDX=0x0000000000000002
RSP=0x00007fff5506e5c8, RBP=0x00007fff5506e5f0, RSI=0x0000000000000000, RDI=0x00007fda0a458728
R8 =0x00007fff5506e608, R9 =0x0000000000000000, R10=0x0000000000000000, R11=0x0000000000000000
R12=0x0000000000000000, R13=0x0000000122a8a000, R14=0x0000000000000000, R15=0x0000000000000000
RIP=0x000012344060dd17, EFLAGS=0x0000000000010246, ERR=0x0000000000000004
  TRAPNO=0x000000000000000e

Top of Stack: (sp=0x00007fff5506e5c8)
0x00007fff5506e5c8:   00007fda0a458718 00000001228f9000
0x00007fff5506e5d8:   0000000122a8a000 00001234401f1e54
0x00007fff5506e5e8:   0000000000000000 00007fff5506e650
0x00007fff5506e5f8:   00001234402e0dd1 0000000000000000
0x00007fff5506e608:   00007fff00000002 00007fff5506e6f0
0x00007fff5506e618:   0000000000000000 0000000000000000
0x00007fff5506e628:   00000001228f9000 00007fda0a458718
0x00007fff5506e638:   00007fff5506e6c8 00001234401f1e54
0x00007fff5506e648:   0000000000000000 00007fff5506e6a0
0x00007fff5506e658:   00001234402e0c8b 0000000000000000
0x00007fff5506e668:   00000001228f9000 00000001228f9000
0x00007fff5506e678:   0000000000000000 0000000000000000
0x00007fff5506e688:   0000000122a8a000 0000000122a8a000
0x00007fff5506e698:   00000001228f9000 00007fff550708f0
0x00007fff5506e6a8:   00001234401f1e01 0000000000000000
0x00007fff5506e6b8:   0000000122a8a000 00007fda0a458718
0x00007fff5506e6c8:   0000000000000002 00007fff5506e6f0
0x00007fff5506e6d8:   0000000200000000 0000000000000000
0x00007fff5506e6e8:   00000001228f9000 0000000000000000
0x00007fff5506e6f8:   0000000032aaaba2 0000000000000000
0x00007fff5506e708:   0000000000000000 0000000000000000
0x00007fff5506e718:   0000000000000000 0000000000000000
0x00007fff5506e728:   0000000000000000 0000000000000000
0x00007fff5506e738:   0000000000000003 0000000000000000
0x00007fff5506e748:   0000000000000000 0000000000000000
0x00007fff5506e758:   0000000000000000 0000000000000000
0x00007fff5506e768:   0000000000000000 0000000000000000
0x00007fff5506e778:   0000000000000000 0000000000000000
0x00007fff5506e788:   0000000000000000 0000000000000000
0x00007fff5506e798:   0000000000000000 0000000000000000
0x00007fff5506e7a8:   0000000000000000 0000000000000000
0x00007fff5506e7b8:   0000000000000000 7300ab5006fc5e44 

Instructions: (pc=0x000012344060dd17)
0x000012344060dcf7:   8b 10 45 8b 50 10 44 8b 4f 08 45 89 cc 45 21 d4
0x000012344060dd07:   4c 8b 5f 28 4f 8d 34 64 49 c1 e6 04 4b 8d 34 33
0x000012344060dd17:   43 8b 04 33 39 d0 75 64 85 c0 74 30 45 89 cd 4d
0x000012344060dd27:   8b 78 08 4f 8b 4c 33 08 31 c9 31 d2 89 d3 41 8b 

Register to memory mapping:

RAX=0x00000001228f9000 is an unknown value
RBX=0x00007fda0a458718 is an unknown value
RCX=0x0000000000000002 is an unknown value
RDX=0x0000000000000002 is an unknown value
RSP=0x00007fff5506e5c8 is pointing into the stack for thread: 0x00007fda0c03e000
RBP=0x00007fff5506e5f0 is pointing into the stack for thread: 0x00007fda0c03e000
RSI=0x0000000000000000 is an unknown value
RDI=0x00007fda0a458728 is an unknown value
R8 =0x00007fff5506e608 is pointing into the stack for thread: 0x00007fda0c03e000
R9 =0x0000000000000000 is an unknown value
R10=0x0000000000000000 is an unknown value
R11=0x0000000000000000 is an unknown value
R12=0x0000000000000000 is an unknown value
R13=0x0000000122a8a000 is an unknown value
R14=0x0000000000000000 is an unknown value
R15=0x0000000000000000 is an unknown value


Stack: [0x00007fff54ff6000,0x00007fff55076000],  sp=0x00007fff5506e5c8,  free space=481k
Native frames: (J=compiled Java code, j=interpreted, Vv=VM code, C=native code)
C  [GeForceGLDriver+0x60dd17]  gldBlitFramebufferData+0x2f280f
C  [GeForceGLDriver+0x2e0dd1]  gldReadTextureData+0xb822f
C  [GeForceGLDriver+0x2e0c8b]  gldReadTextureData+0xb80e9
C  [GeForceGLDriver+0x1f1e01]
[error occurred during error reporting (printing native stack), id 0xe0000000]


---------------  P R O C E S S  ---------------

Java Threads: ( => current thread )
  0x00007fda0b167000 JavaThread "Java2D Queue Flusher" daemon [_thread_blocked, id=54279, stack(0x00000001221fc000,0x00000001222fc000)]
  0x00007fda0b801000 JavaThread "DestroyJavaVM" [_thread_blocked, id=4867, stack(0x000000010aca0000,0x000000010ada0000)]
  0x00007fda0a838000 JavaThread "AWT-EventQueue-0" [_thread_in_native, id=52491, stack(0x00000001220f0000,0x00000001221f0000)]
  0x00007fda0b0fd800 JavaThread "AWT-Shutdown" [_thread_blocked, id=30227, stack(0x000000011f609000,0x000000011f709000)]
=>0x00007fda0c03e000 JavaThread "AppKit Thread" daemon [_thread_in_native, id=1299, stack(0x00007fff54ff6000,0x00007fff55076000)]
  0x00007fda0b819000 JavaThread "Service Thread" daemon [_thread_blocked, id=19715, stack(0x000000011d83a000,0x000000011d93a000)]
  0x00007fda0a817000 JavaThread "C2 CompilerThread1" daemon [_thread_blocked, id=19203, stack(0x000000011d737000,0x000000011d837000)]
  0x00007fda0b006800 JavaThread "C2 CompilerThread0" daemon [_thread_blocked, id=18691, stack(0x000000011d634000,0x000000011d734000)]
  0x00007fda0b021000 JavaThread "Signal Dispatcher" daemon [_thread_blocked, id=15379, stack(0x000000011d531000,0x000000011d631000)]
  0x00007fda0b01d000 JavaThread "Finalizer" daemon [_thread_blocked, id=13571, stack(0x000000011bb1d000,0x000000011bc1d000)]
  0x00007fda0c030800 JavaThread "Reference Handler" daemon [_thread_blocked, id=13059, stack(0x000000011ba1a000,0x000000011bb1a000)]

Other Threads:
  0x00007fda0c030000 VMThread [stack: 0x000000011b917000,0x000000011ba17000] [id=12547]
  0x00007fda0b01f000 WatcherThread [stack: 0x000000011d93d000,0x000000011da3d000] [id=20227]

VM state:not at safepoint (normal execution)

VM Mutex/Monitor currently owned by a thread: None

Heap
 PSYoungGen      total 76800K, used 6605K [0x00000007aaa80000, 0x00000007b0000000, 0x0000000800000000)
  eden space 66048K, 10% used [0x00000007aaa80000,0x00000007ab0f34d8,0x00000007aeb00000)
  from space 10752K, 0% used [0x00000007af580000,0x00000007af580000,0x00000007b0000000)
  to   space 10752K, 0% used [0x00000007aeb00000,0x00000007aeb00000,0x00000007af580000)
 ParOldGen       total 174592K, used 0K [0x0000000700000000, 0x000000070aa80000, 0x00000007aaa80000)
  object space 174592K, 0% used [0x0000000700000000,0x0000000700000000,0x000000070aa80000)
 PSPermGen       total 21504K, used 5474K [0x00000006fae00000, 0x00000006fc300000, 0x0000000700000000)
  object space 21504K, 25% used [0x00000006fae00000,0x00000006fb358a48,0x00000006fc300000)

Card table byte_map: [0x000000010f913000,0x000000011013d000] byte_map_base: 0x000000010c13c000

Polling page: 0x000000010addf000

Code Cache  [0x000000010c853000, 0x000000010cac3000, 0x000000010f853000)
 total_blobs=259 nmethods=6 adapters=208 free_code_cache=48724Kb largest_free_block=49892544

Compilation events (10 events):
Event: 0.129 Thread 0x00007fda0a817000    2             java.lang.String::hashCode (55 bytes)
Event: 0.130 Thread 0x00007fda0a817000 nmethod 2 0x000000010c8b3150 code [0x000000010c8b32a0, 0x000000010c8b3418]
Event: 0.406 Thread 0x00007fda0b006800    3             sun.nio.cs.UTF_8$Encoder::encode (361 bytes)
Event: 0.412 Thread 0x00007fda0b006800 nmethod 3 0x000000010c8b9cd0 code [0x000000010c8b9e60, 0x000000010c8ba5b8]
Event: 0.474 Thread 0x00007fda0a817000    4             java.lang.String::charAt (29 bytes)
Event: 0.475 Thread 0x00007fda0a817000 nmethod 4 0x000000010c8b6d50 code [0x000000010c8b6ea0, 0x000000010c8b6f58]
Event: 0.537 Thread 0x00007fda0b006800    5             java.io.UnixFileSystem::normalize (75 bytes)
Event: 0.539 Thread 0x00007fda0b006800 nmethod 5 0x000000010c8b53d0 code [0x000000010c8b5540, 0x000000010c8b5798]
Event: 0.540 Thread 0x00007fda0a817000    6             java.lang.String::lastIndexOf (52 bytes)
Event: 0.541 Thread 0x00007fda0a817000 nmethod 6 0x000000010c8b8090 code [0x000000010c8b81e0, 0x000000010c8b8368]

GC Heap History (0 events):
No events

Deoptimization events (0 events):
No events

Internal exceptions (10 events):
Event: 0.540 Thread 0x00007fda0b801000 Threw 0x00000007aab87ca0 at /HUDSON/workspace/7u-2-build-macosx-x86_64/jdk7u55/869/hotspot/src/share/vm/prims/jvm.cpp:1244
Event: 0.547 Thread 0x00007fda0a838000 Threw 0x00000007aad16690 at /HUDSON/workspace/7u-2-build-macosx-x86_64/jdk7u55/869/hotspot/src/share/vm/prims/jvm.cpp:1244
Event: 0.548 Thread 0x00007fda0a838000 Threw 0x00000007aad23c08 at /HUDSON/workspace/7u-2-build-macosx-x86_64/jdk7u55/869/hotspot/src/share/vm/prims/jvm.cpp:1244
Event: 0.560 Thread 0x00007fda0a838000 Threw 0x00000007aad5ca30 at /HUDSON/workspace/7u-2-build-macosx-x86_64/jdk7u55/869/hotspot/src/share/vm/prims/jvm.cpp:1244
Event: 0.560 Thread 0x00007fda0a838000 Threw 0x00000007aad5ef30 at /HUDSON/workspace/7u-2-build-macosx-x86_64/jdk7u55/869/hotspot/src/share/vm/prims/jvm.cpp:1244
Event: 0.561 Thread 0x00007fda0a838000 Threw 0x00000007aad62190 at /HUDSON/workspace/7u-2-build-macosx-x86_64/jdk7u55/869/hotspot/src/share/vm/prims/jvm.cpp:1244
Event: 0.561 Thread 0x00007fda0a838000 Threw 0x00000007aad64780 at /HUDSON/workspace/7u-2-build-macosx-x86_64/jdk7u55/869/hotspot/src/share/vm/prims/jvm.cpp:1244
Event: 0.562 Thread 0x00007fda0a838000 Threw 0x00000007aad6fb60 at /HUDSON/workspace/7u-2-build-macosx-x86_64/jdk7u55/869/hotspot/src/share/vm/prims/jvm.cpp:1244
Event: 0.562 Thread 0x00007fda0a838000 Threw 0x00000007aad72e30 at /HUDSON/workspace/7u-2-build-macosx-x86_64/jdk7u55/869/hotspot/src/share/vm/prims/jvm.cpp:1244
Event: 0.566 Thread 0x00007fda0a838000 Threw 0x00000007aad818d8 at /HUDSON/workspace/7u-2-build-macosx-x86_64/jdk7u55/869/hotspot/src/share/vm/prims/jvm.cpp:1244

Events (10 events):
Event: 0.571 loading class 0x00007fda0b8c3b50 done
Event: 0.571 loading class 0x00007fda0b8c39d0
Event: 0.571 loading class 0x00007fda0b8c39d0 done
Event: 0.571 loading class 0x00007fda0b8c3a00
Event: 0.571 loading class 0x00007fda0b8c3a00 done
Event: 0.571 Thread 0x00007fda0b167000 Thread added: 0x00007fda0b167000
Event: 0.571 loading class 0x00007fda0b8c2760
Event: 0.571 loading class 0x00007fda0b8c43d0
Event: 0.571 loading class 0x00007fda0b8c43d0 done
Event: 0.571 loading class 0x00007fda0b8c2760 done


Dynamic libraries:
0x0000000002820000 	/System/Library/Frameworks/Cocoa.framework/Versions/A/Cocoa
0x0000000002820000 	/System/Library/Frameworks/Security.framework/Versions/A/Security
0x0000000002820000 	/System/Library/Frameworks/ApplicationServices.framework/Versions/A/ApplicationServices
0x0000000002820000 	/usr/lib/libz.1.dylib
0x0000000002820000 	/usr/lib/libSystem.B.dylib
0x0000000002820000 	/usr/lib/libobjc.A.dylib
0x0000000002820000 	/System/Library/Frameworks/CoreFoundation.framework/Versions/A/CoreFoundation
0x0000000002820000 	/System/Library/Frameworks/Foundation.framework/Versions/C/Foundation
0x0000000002820000 	/System/Library/Frameworks/AppKit.framework/Versions/C/AppKit
0x0000000002820000 	/System/Library/Frameworks/CoreData.framework/Versions/A/CoreData
0x0000000002820000 	/System/Library/PrivateFrameworks/RemoteViewServices.framework/Versions/A/RemoteViewServices
0x0000000002820000 	/System/Library/PrivateFrameworks/UIFoundation.framework/Versions/A/UIFoundation
0x0000000002820000 	/System/Library/Frameworks/IOSurface.framework/Versions/A/IOSurface
0x0000000002820000 	/System/Library/Frameworks/AudioToolbox.framework/Versions/A/AudioToolbox
0x0000000002820000 	/System/Library/Frameworks/AudioUnit.framework/Versions/A/AudioUnit
0x0000000002820000 	/System/Library/PrivateFrameworks/DataDetectorsCore.framework/Versions/A/DataDetectorsCore
0x0000000002820000 	/System/Library/PrivateFrameworks/DesktopServicesPriv.framework/Versions/A/DesktopServicesPriv
0x0000000002820000 	/System/Library/Frameworks/Carbon.framework/Versions/A/Frameworks/HIToolbox.framework/Versions/A/HIToolbox
0x0000000002820000 	/System/Library/Frameworks/QuartzCore.framework/Versions/A/QuartzCore
0x0000000002820000 	/System/Library/Frameworks/Carbon.framework/Versions/A/Frameworks/SpeechRecognition.framework/Versions/A/SpeechRecognition
0x0000000002820000 	/usr/lib/libauto.dylib
0x0000000002820000 	/usr/lib/libicucore.A.dylib
0x0000000002820000 	/usr/lib/libxml2.2.dylib
0x0000000002820000 	/System/Library/PrivateFrameworks/CoreUI.framework/Versions/A/CoreUI
0x0000000002820000 	/System/Library/Frameworks/CoreAudio.framework/Versions/A/CoreAudio
0x0000000002820000 	/System/Library/Frameworks/DiskArbitration.framework/Versions/A/DiskArbitration
0x0000000002820000 	/usr/lib/liblangid.dylib
0x0000000002820000 	/System/Library/PrivateFrameworks/MultitouchSupport.framework/Versions/A/MultitouchSupport
0x0000000002820000 	/System/Library/Frameworks/IOKit.framework/Versions/A/IOKit
0x0000000002820000 	/usr/lib/libDiagnosticMessagesClient.dylib
0x0000000002820000 	/System/Library/Frameworks/CoreServices.framework/Versions/A/CoreServices
0x0000000002820000 	/System/Library/PrivateFrameworks/PerformanceAnalysis.framework/Versions/A/PerformanceAnalysis
0x0000000002820000 	/System/Library/PrivateFrameworks/GenerationalStorage.framework/Versions/A/GenerationalStorage
0x0000000002820000 	/System/Library/Frameworks/OpenGL.framework/Versions/A/OpenGL
0x0000000002820000 	/System/Library/PrivateFrameworks/Sharing.framework/Versions/A/Sharing
0x0000000002820000 	/System/Library/Frameworks/CoreGraphics.framework/Versions/A/CoreGraphics
0x0000000002820000 	/System/Library/Frameworks/CoreText.framework/Versions/A/CoreText
0x0000000002820000 	/System/Library/Frameworks/ImageIO.framework/Versions/A/ImageIO
0x0000000002820000 	/usr/lib/libextension.dylib
0x0000000002820000 	/System/Library/PrivateFrameworks/Backup.framework/Versions/A/Backup
0x0000000002820000 	/usr/lib/libarchive.2.dylib
0x0000000002820000 	/System/Library/Frameworks/CFNetwork.framework/Versions/A/CFNetwork
0x0000000002820000 	/System/Library/Frameworks/SystemConfiguration.framework/Versions/A/SystemConfiguration
0x0000000002820000 	/usr/lib/libCRFSuite.dylib
0x0000000002820000 	/usr/lib/libc++.1.dylib
0x0000000002820000 	/usr/lib/libc++abi.dylib
0x0000000002820000 	/usr/lib/system/libcache.dylib
0x0000000002820000 	/usr/lib/system/libcommonCrypto.dylib
0x0000000002820000 	/usr/lib/system/libcompiler_rt.dylib
0x0000000002820000 	/usr/lib/system/libcopyfile.dylib
0x0000000002820000 	/usr/lib/system/libcorecrypto.dylib
0x0000000002820000 	/usr/lib/system/libdispatch.dylib
0x0000000002820000 	/usr/lib/system/libdyld.dylib
0x0000000002820000 	/usr/lib/system/libkeymgr.dylib
0x0000000002820000 	/usr/lib/system/liblaunch.dylib
0x0000000002820000 	/usr/lib/system/libmacho.dylib
0x0000000002820000 	/usr/lib/system/libquarantine.dylib
0x0000000002820000 	/usr/lib/system/libremovefile.dylib
0x0000000002820000 	/usr/lib/system/libsystem_asl.dylib
0x0000000002820000 	/usr/lib/system/libsystem_blocks.dylib
0x0000000002820000 	/usr/lib/system/libsystem_c.dylib
0x0000000002820000 	/usr/lib/system/libsystem_configuration.dylib
0x0000000002820000 	/usr/lib/system/libsystem_coreservices.dylib
0x0000000002820000 	/usr/lib/system/libsystem_coretls.dylib
0x0000000002820000 	/usr/lib/system/libsystem_dnssd.dylib
0x0000000002820000 	/usr/lib/system/libsystem_info.dylib
0x0000000002820000 	/usr/lib/system/libsystem_kernel.dylib
0x0000000002820000 	/usr/lib/system/libsystem_m.dylib
0x0000000002820000 	/usr/lib/system/libsystem_malloc.dylib
0x0000000002820000 	/usr/lib/system/libsystem_network.dylib
0x0000000002820000 	/usr/lib/system/libsystem_networkextension.dylib
0x0000000002820000 	/usr/lib/system/libsystem_notify.dylib
0x0000000002820000 	/usr/lib/system/libsystem_platform.dylib
0x0000000002820000 	/usr/lib/system/libsystem_pthread.dylib
0x0000000002820000 	/usr/lib/system/libsystem_sandbox.dylib
0x0000000002820000 	/usr/lib/system/libsystem_secinit.dylib
0x0000000002820000 	/usr/lib/system/libsystem_stats.dylib
0x0000000002820000 	/usr/lib/system/libsystem_trace.dylib
0x0000000002820000 	/usr/lib/system/libunc.dylib
0x0000000002820000 	/usr/lib/system/libunwind.dylib
0x0000000002820000 	/usr/lib/system/libxpc.dylib
0x0000000002820000 	/usr/lib/libbz2.1.0.dylib
0x0000000002820000 	/usr/lib/liblzma.5.dylib
0x0000000002820000 	/usr/lib/libbsm.0.dylib
0x0000000002820000 	/usr/lib/libsqlite3.dylib
0x0000000002820000 	/usr/lib/system/libkxld.dylib
0x0000000002820000 	/usr/lib/libxar.1.dylib
0x0000000002820000 	/usr/lib/libpam.2.dylib
0x0000000002820000 	/usr/lib/libOpenScriptingUtil.dylib
0x0000000002820000 	/System/Library/Frameworks/CoreServices.framework/Versions/A/Frameworks/FSEvents.framework/Versions/A/FSEvents
0x0000000002820000 	/System/Library/Frameworks/CoreServices.framework/Versions/A/Frameworks/CarbonCore.framework/Versions/A/CarbonCore
0x0000000002820000 	/System/Library/Frameworks/CoreServices.framework/Versions/A/Frameworks/Metadata.framework/Versions/A/Metadata
0x0000000002820000 	/System/Library/Frameworks/CoreServices.framework/Versions/A/Frameworks/OSServices.framework/Versions/A/OSServices
0x0000000002820000 	/System/Library/Frameworks/CoreServices.framework/Versions/A/Frameworks/SearchKit.framework/Versions/A/SearchKit
0x0000000002820000 	/System/Library/Frameworks/CoreServices.framework/Versions/A/Frameworks/AE.framework/Versions/A/AE
0x0000000002820000 	/System/Library/Frameworks/CoreServices.framework/Versions/A/Frameworks/LaunchServices.framework/Versions/A/LaunchServices
0x0000000002820000 	/System/Library/Frameworks/CoreServices.framework/Versions/A/Frameworks/DictionaryServices.framework/Versions/A/DictionaryServices
0x0000000002820000 	/System/Library/Frameworks/NetFS.framework/Versions/A/NetFS
0x0000000002820000 	/System/Library/PrivateFrameworks/NetAuth.framework/Versions/A/NetAuth
0x0000000002820000 	/System/Library/PrivateFrameworks/login.framework/Versions/A/Frameworks/loginsupport.framework/Versions/A/loginsupport
0x0000000002820000 	/System/Library/PrivateFrameworks/TCC.framework/Versions/A/TCC
0x0000000002820000 	/usr/lib/libmecabra.dylib
0x0000000002820000 	/System/Library/Frameworks/ApplicationServices.framework/Versions/A/Frameworks/ATS.framework/Versions/A/ATS
0x0000000002820000 	/System/Library/Frameworks/ApplicationServices.framework/Versions/A/Frameworks/ColorSync.framework/Versions/A/ColorSync
0x0000000002820000 	/System/Library/Frameworks/ApplicationServices.framework/Versions/A/Frameworks/HIServices.framework/Versions/A/HIServices
0x0000000002820000 	/System/Library/Frameworks/ApplicationServices.framework/Versions/A/Frameworks/LangAnalysis.framework/Versions/A/LangAnalysis
0x0000000002820000 	/System/Library/Frameworks/ApplicationServices.framework/Versions/A/Frameworks/PrintCore.framework/Versions/A/PrintCore
0x0000000002820000 	/System/Library/Frameworks/ApplicationServices.framework/Versions/A/Frameworks/QD.framework/Versions/A/QD
0x0000000002820000 	/System/Library/Frameworks/ApplicationServices.framework/Versions/A/Frameworks/SpeechSynthesis.framework/Versions/A/SpeechSynthesis
0x0000000002820000 	/System/Library/Frameworks/Accelerate.framework/Versions/A/Accelerate
0x0000000002820000 	/System/Library/Frameworks/Accelerate.framework/Versions/A/Frameworks/vImage.framework/Versions/A/vImage
0x0000000002820000 	/System/Library/Frameworks/Accelerate.framework/Versions/A/Frameworks/vecLib.framework/Versions/A/vecLib
0x0000000002820000 	/System/Library/Frameworks/Accelerate.framework/Versions/A/Frameworks/vecLib.framework/Versions/A/libvDSP.dylib
0x0000000002820000 	/System/Library/Frameworks/Accelerate.framework/Versions/A/Frameworks/vecLib.framework/Versions/A/libvMisc.dylib
0x0000000002820000 	/System/Library/Frameworks/Accelerate.framework/Versions/A/Frameworks/vecLib.framework/Versions/A/libLAPACK.dylib
0x0000000002820000 	/System/Library/Frameworks/Accelerate.framework/Versions/A/Frameworks/vecLib.framework/Versions/A/libBLAS.dylib
0x0000000002820000 	/System/Library/Frameworks/Accelerate.framework/Versions/A/Frameworks/vecLib.framework/Versions/A/libLinearAlgebra.dylib
0x0000000002820000 	/System/Library/Frameworks/ApplicationServices.framework/Versions/A/Frameworks/ATS.framework/Versions/A/Resources/libFontParser.dylib
0x0000000002820000 	/System/Library/Frameworks/ApplicationServices.framework/Versions/A/Frameworks/ATS.framework/Versions/A/Resources/libFontRegistry.dylib
0x0000000002820000 	/System/Library/PrivateFrameworks/AppleVPA.framework/Versions/A/AppleVPA
0x0000000002820000 	/System/Library/PrivateFrameworks/AppleJPEG.framework/Versions/A/AppleJPEG
0x0000000002820000 	/System/Library/Frameworks/ImageIO.framework/Versions/A/Resources/libJPEG.dylib
0x0000000002820000 	/System/Library/Frameworks/ImageIO.framework/Versions/A/Resources/libTIFF.dylib
0x0000000002820000 	/System/Library/Frameworks/ImageIO.framework/Versions/A/Resources/libPng.dylib
0x0000000002820000 	/System/Library/Frameworks/ImageIO.framework/Versions/A/Resources/libGIF.dylib
0x0000000002820000 	/System/Library/Frameworks/ImageIO.framework/Versions/A/Resources/libJP2.dylib
0x0000000002820000 	/System/Library/Frameworks/ImageIO.framework/Versions/A/Resources/libRadiance.dylib
0x0000000002820000 	/System/Library/Frameworks/CoreVideo.framework/Versions/A/CoreVideo
0x0000000002820000 	/System/Library/Frameworks/OpenGL.framework/Versions/A/Libraries/libGLU.dylib
0x0000000002820000 	/System/Library/Frameworks/OpenGL.framework/Versions/A/Libraries/libGFXShared.dylib
0x0000000002820000 	/System/Library/Frameworks/OpenGL.framework/Versions/A/Libraries/libGL.dylib
0x0000000002820000 	/System/Library/Frameworks/OpenGL.framework/Versions/A/Libraries/libGLImage.dylib
0x0000000002820000 	/System/Library/Frameworks/OpenGL.framework/Versions/A/Libraries/libCVMSPluginSupport.dylib
0x0000000002820000 	/System/Library/Frameworks/OpenGL.framework/Versions/A/Libraries/libCoreVMClient.dylib
0x0000000002820000 	/usr/lib/libcups.2.dylib
0x0000000002820000 	/System/Library/Frameworks/Kerberos.framework/Versions/A/Kerberos
0x0000000002820000 	/System/Library/Frameworks/GSS.framework/Versions/A/GSS
0x0000000002820000 	/usr/lib/libresolv.9.dylib
0x0000000002820000 	/usr/lib/libiconv.2.dylib
0x0000000002820000 	/System/Library/PrivateFrameworks/Heimdal.framework/Versions/A/Heimdal
0x0000000002820000 	/usr/lib/libheimdal-asn1.dylib
0x0000000002820000 	/System/Library/Frameworks/OpenDirectory.framework/Versions/A/OpenDirectory
0x0000000002820000 	/System/Library/PrivateFrameworks/CommonAuth.framework/Versions/A/CommonAuth
0x0000000002820000 	/System/Library/Frameworks/OpenDirectory.framework/Versions/A/Frameworks/CFOpenDirectory.framework/Versions/A/CFOpenDirectory
0x0000000002820000 	/System/Library/Frameworks/SecurityFoundation.framework/Versions/A/SecurityFoundation
0x0000000002820000 	/System/Library/PrivateFrameworks/LanguageModeling.framework/Versions/A/LanguageModeling
0x0000000002820000 	/usr/lib/libcmph.dylib
0x0000000002820000 	/System/Library/Frameworks/ServiceManagement.framework/Versions/A/ServiceManagement
0x0000000002820000 	/usr/lib/libxslt.1.dylib
0x0000000002820000 	/System/Library/Frameworks/Carbon.framework/Versions/A/Frameworks/Ink.framework/Versions/A/Ink
0x0000000002820000 	/System/Library/Frameworks/QuartzCore.framework/Versions/A/Frameworks/CoreImage.framework/Versions/A/CoreImage
0x0000000002820000 	/System/Library/PrivateFrameworks/CrashReporterSupport.framework/Versions/A/CrashReporterSupport
0x0000000002820000 	/System/Library/Frameworks/OpenCL.framework/Versions/A/OpenCL
0x0000000002820000 	/System/Library/PrivateFrameworks/FaceCore.framework/Versions/A/FaceCore
0x0000000002820000 	/System/Library/PrivateFrameworks/Ubiquity.framework/Versions/A/Ubiquity
0x0000000002820000 	/System/Library/PrivateFrameworks/IconServices.framework/Versions/A/IconServices
0x0000000002820000 	/System/Library/PrivateFrameworks/ChunkingLibrary.framework/Versions/A/ChunkingLibrary
0x0000000002820000 	/System/Library/PrivateFrameworks/Apple80211.framework/Versions/A/Apple80211
0x0000000002820000 	/System/Library/Frameworks/CoreWLAN.framework/Versions/A/CoreWLAN
0x0000000002820000 	/System/Library/Frameworks/IOBluetooth.framework/Versions/A/IOBluetooth
0x0000000002820000 	/System/Library/PrivateFrameworks/CoreWiFi.framework/Versions/A/CoreWiFi
0x0000000002820000 	/System/Library/Frameworks/CoreBluetooth.framework/Versions/A/CoreBluetooth
0x0000000002820000 	/System/Library/PrivateFrameworks/DebugSymbols.framework/Versions/A/DebugSymbols
0x0000000002820000 	/System/Library/PrivateFrameworks/CoreSymbolication.framework/Versions/A/CoreSymbolication
0x0000000002820000 	/System/Library/PrivateFrameworks/Symbolication.framework/Versions/A/Symbolication
0x0000000002820000 	/System/Library/PrivateFrameworks/SpeechRecognitionCore.framework/Versions/A/SpeechRecognitionCore
0x000000010be00000 	/Applications/MATLAB_R2014b.app/sys/java/jre/maci64/jre/lib/./server/libjvm.dylib
0x0000000002820000 	/usr/lib/libstdc++.6.dylib
0x000000010ada2000 	/Applications/MATLAB_R2014b.app/sys/java/jre/maci64/jre/lib/libverify.dylib
0x000000010adaf000 	/Applications/MATLAB_R2014b.app/sys/java/jre/maci64/jre/lib/libjava.dylib
0x000000010ade9000 	/Applications/MATLAB_R2014b.app/sys/java/jre/maci64/jre/lib/libzip.dylib
0x000000011bc1f000 	/System/Library/Frameworks/JavaVM.framework/Frameworks/JavaRuntimeSupport.framework/JavaRuntimeSupport
0x000000011bc35000 	/System/Library/Frameworks/JavaVM.framework/Versions/A/Frameworks/JavaNativeFoundation.framework/Versions/A/JavaNativeFoundation
0x000000010adf3000 	/System/Library/Frameworks/JavaVM.framework/Versions/A/JavaVM
0x0000000002820000 	/System/Library/Frameworks/Carbon.framework/Versions/A/Carbon
0x000000011bc49000 	/System/Library/PrivateFrameworks/JavaLaunching.framework/Versions/A/JavaLaunching
0x0000000002820000 	/System/Library/Frameworks/Carbon.framework/Versions/A/Frameworks/CommonPanels.framework/Versions/A/CommonPanels
0x0000000002820000 	/System/Library/Frameworks/Carbon.framework/Versions/A/Frameworks/Help.framework/Versions/A/Help
0x0000000002820000 	/System/Library/Frameworks/Carbon.framework/Versions/A/Frameworks/ImageCapture.framework/Versions/A/ImageCapture
0x0000000002820000 	/System/Library/Frameworks/Carbon.framework/Versions/A/Frameworks/OpenScripting.framework/Versions/A/OpenScripting
0x0000000002820000 	/System/Library/Frameworks/Carbon.framework/Versions/A/Frameworks/Print.framework/Versions/A/Print
0x0000000002820000 	/System/Library/Frameworks/Carbon.framework/Versions/A/Frameworks/SecurityHI.framework/Versions/A/SecurityHI
0x000000011da5c000 	/Applications/MATLAB_R2014b.app/sys/java/jre/maci64/jre/lib/libawt.dylib
0x000000011db0b000 	/Applications/MATLAB_R2014b.app/sys/java/jre/maci64/jre/lib/./libmlib_image.dylib
0x000000011dbd7000 	/Applications/MATLAB_R2014b.app/sys/java/jre/maci64/jre/lib/lwawt/liblwawt.dylib
0x000000011dc8b000 	/Applications/MATLAB_R2014b.app/sys/java/jre/maci64/jre/lib/libosxapp.dylib
0x0000000002820000 	/System/Library/Frameworks/ExceptionHandling.framework/Versions/A/ExceptionHandling
0x0000000002820000 	/System/Library/PrivateFrameworks/CoreServicesInternal.framework/Versions/A/CoreServicesInternal
0x0000000002820000 	/System/Library/PrivateFrameworks/CloudDocs.framework/Versions/A/CloudDocs
0x0000000002820000 	/System/Library/PrivateFrameworks/CoreDuet.framework/Versions/A/CoreDuet
0x0000000002820000 	/System/Library/Frameworks/CloudKit.framework/Versions/A/CloudKit
0x0000000002820000 	/System/Library/PrivateFrameworks/ProtocolBuffer.framework/Versions/A/ProtocolBuffer
0x0000000002820000 	/System/Library/PrivateFrameworks/CoreDuetDaemonProtocol.framework/Versions/A/CoreDuetDaemonProtocol
0x0000000002820000 	/System/Library/PrivateFrameworks/CoreDuetDebugLogging.framework/Versions/A/CoreDuetDebugLogging
0x0000000002820000 	/System/Library/PrivateFrameworks/MMCS.framework/Versions/A/MMCS
0x0000000002820000 	/System/Library/Frameworks/CoreLocation.framework/Versions/A/CoreLocation
0x0000000002820000 	/System/Library/PrivateFrameworks/ProtectedCloudStorage.framework/Versions/A/ProtectedCloudStorage
0x0000000002820000 	/System/Library/PrivateFrameworks/GeoServices.framework/Versions/A/GeoServices
0x0000000002820000 	/System/Library/Frameworks/CoreGraphics.framework/Versions/A/Resources/libCGCMS.A.dylib
0x0000000002820000 	/System/Library/CoreServices/RawCamera.bundle/Contents/MacOS/RawCamera
0x0000000002820000 	/System/Library/Frameworks/CoreGraphics.framework/Versions/A/Resources/libRIP.A.dylib
0x0000000002820000 	/System/Library/Frameworks/CoreGraphics.framework/Versions/A/Resources/libCGXType.A.dylib
0x0000000002820000 	/System/Library/Frameworks/OpenCL.framework/Versions/A/Libraries/libcldcpuengine.dylib
0x0000000002820000 	/System/Library/PrivateFrameworks/DiskImages.framework/Versions/A/DiskImages
0x0000000002820000 	/System/Library/Frameworks/DiscRecording.framework/Versions/A/DiscRecording
0x0000000002820000 	/usr/lib/libcsfde.dylib
0x0000000120bc7000 	/Applications/MATLAB_R2014b.app/bin/maci64/libcurl.4.dylib
0x0000000002820000 	/System/Library/PrivateFrameworks/MediaKit.framework/Versions/A/MediaKit
0x0000000002820000 	/usr/lib/libCoreStorage.dylib
0x0000000002820000 	/System/Library/PrivateFrameworks/EFILogin.framework/Versions/A/EFILogin
0x0000000002820000 	/usr/lib/libutil.dylib
0x0000000002820000 	/System/Library/PrivateFrameworks/FindMyDevice.framework/Versions/A/FindMyDevice
0x0000000120c21000 	cl_kernels
0x0000000120c23000 	/System/Library/Frameworks/OpenCL.framework/Versions/A/Libraries/ImageFormats/unorm8_bgra.dylib
0x0000000120c12000 	cl_kernels
0x0000000002820000 	/System/Library/PrivateFrameworks/FamilyControls.framework/Versions/A/FamilyControls
0x0000000002820000 	/System/Library/PrivateFrameworks/CommerceKit.framework/Versions/A/Frameworks/CommerceCore.framework/Versions/A/CommerceCore
0x0000000002820000 	/System/Library/PrivateFrameworks/SystemAdministration.framework/Versions/A/SystemAdministration
0x0000000002820000 	/System/Library/PrivateFrameworks/AppContainer.framework/Versions/A/AppContainer
0x0000000002820000 	/System/Library/PrivateFrameworks/SecCodeWrapper.framework/Versions/A/SecCodeWrapper
0x0000000002820000 	/System/Library/Frameworks/DirectoryService.framework/Versions/A/DirectoryService
0x0000000002820000 	/System/Library/PrivateFrameworks/LoginUIKit.framework/Versions/A/Frameworks/LoginUICore.framework/Versions/A/LoginUICore
0x0000000002820000 	/usr/lib/libodfde.dylib
0x0000000122088000 	/Applications/MATLAB_R2014b.app/sys/java/jre/maci64/jre/lib/libfontmanager.dylib
0x00000001221f2000 	/Applications/MATLAB_R2014b.app/sys/java/jre/maci64/jre/lib/libosxui.dylib
0x0000000002820000 	/System/Library/Frameworks/OpenGL.framework/Versions/A/Resources/GLEngine.bundle/GLEngine
0x0000000002820000 	/System/Library/Frameworks/OpenGL.framework/Versions/A/Libraries/libGLProgrammability.dylib
0x0000000000000000 	/System/Library/Extensions/GeForceGLDriver.bundle/Contents/MacOS/GeForceGLDriver
0x0000000002820000 	/System/Library/Extensions/GeForceGLDriver.bundle/Contents/MacOS/libclh.dylib
0x0000000002820000 	/System/Library/PrivateFrameworks/IOAccelerator.framework/Versions/A/IOAccelerator
0x0000000002820000 	/System/Library/PrivateFrameworks/GPUSupport.framework/Versions/A/Libraries/libGPUSupportMercury.dylib
0x0000000002820000 	/System/Library/Frameworks/OpenGL.framework/Versions/A/Resources/GLRendererFloat.bundle/GLRendererFloat

VM Arguments:
java_command: com.mathworks.fatalexit.FatalExitFrame /Users/zlateski/matlab_crash_dump.4848-1
Launcher Type: SUN_STANDARD

Environment Variables:
PATH=/usr/bin:/bin:/usr/sbin:/sbin
SHELL=/bin/bash
DISPLAY=/private/tmp/com.apple.launchd.X2e3Q8ctfW/org.macosforge.xquartz:0
ARCH=maci64
DYLD_LIBRARY_PATH=/Applications/MATLAB_R2014b.app/sys/os/maci64:/Applications/MATLAB_R2014b.app/bin/maci64/../../Contents/MacOS:/Applications/MATLAB_R2014b.app/bin/maci64:/Applications/MATLAB_R2014b.app/extern/lib/maci64:/Applications/MATLAB_R2014b.app/runtime/maci64:/Applications/MATLAB_R2014b.app/sys/java/jre/maci64/jre/lib/./native_threads:/Applications/MATLAB_R2014b.app/sys/java/jre/maci64/jre/lib/./server:/Applications/MATLAB_R2014b.app/sys/java/jre/maci64/jre/lib/./lib/jli
DYLD_FRAMEWORK_PATH=/Applications/MATLAB_R2014b.app/sys/os/maci64:/Applications/MATLAB_R2014b.app/bin/maci64/../../Contents/MacOS:/Applications/MATLAB_R2014b.app/bin/maci64:/Applications/MATLAB_R2014b.app/extern/lib/maci64:/Applications/MATLAB_R2014b.app/runtime/maci64:/Applications/MATLAB_R2014b.app/sys/java/jre/maci64/jre/lib/./native_threads:/Applications/MATLAB_R2014b.app/sys/java/jre/maci64/jre/lib/./server:/Applications/MATLAB_R2014b.app/sys/java/jre/maci64/jre/lib/./lib/jli

Signal Handlers:
SIGSEGV: [libjvm.dylib+0x5253e5], sa_mask[0]=0xfffefeff, sa_flags=0x00000043
SIGBUS: [libjvm.dylib+0x5253e5], sa_mask[0]=0xfffefeff, sa_flags=0x00000042
SIGFPE: [libjvm.dylib+0x4188a2], sa_mask[0]=0xfffefeff, sa_flags=0x00000042
SIGPIPE: [libjvm.dylib+0x4188a2], sa_mask[0]=0xfffefeff, sa_flags=0x00000042
SIGXFSZ: [libjvm.dylib+0x4188a2], sa_mask[0]=0xfffefeff, sa_flags=0x00000042
SIGILL: [libjvm.dylib+0x4188a2], sa_mask[0]=0xfffefeff, sa_flags=0x00000042
SIGUSR1: SIG_DFL, sa_mask[0]=0x00000000, sa_flags=0x00000000
SIGUSR2: [libjvm.dylib+0x418394], sa_mask[0]=0xfffef047, sa_flags=0x00000042
SIGHUP: [libjvm.dylib+0x416623], sa_mask[0]=0xfffefeff, sa_flags=0x00000042
SIGINT: [libjvm.dylib+0x416623], sa_mask[0]=0xfffefeff, sa_flags=0x00000042
SIGTERM: [libjvm.dylib+0x416623], sa_mask[0]=0xfffefeff, sa_flags=0x00000042
SIGQUIT: [libjvm.dylib+0x416623], sa_mask[0]=0xfffefeff, sa_flags=0x00000042


---------------  S Y S T E M  ---------------

OS:Bsduname:Darwin 14.5.0 Darwin Kernel Version 14.5.0: Tue Sep  1 21:23:09 PDT 2015; root:xnu-2782.50.1~1/RELEASE_X86_64 x86_64
rlimit: STACK 8192k, CORE 0k, NPROC 709, NOFILE 1024, AS infinity
load average:1.11 1.22 1.24

CPU:total 8 (4 cores per cpu, 2 threads per core) family 6 model 60 stepping 3, cmov, cx8, fxsr, mmx, sse, sse2, sse3, ssse3, sse4.1, sse4.2, popcnt, avx, avx2, aes, erms, ht, tsc, tscinvbit

Memory: 4k page, physical 16777216k(4194304k free)

/proc/meminfo:


vm_info: Java HotSpot(TM) 64-Bit Server VM (24.55-b03) for bsd-amd64 JRE (1.7.0_55-b13), built on Mar 17 2014 19:40:08 by "java_re" with gcc 4.2.1 (Based on Apple Inc. build 5658) (LLVM build 2336.11.00)

time: Fri Apr  1 16:58:51 2016
elapsed time: 0 seconds

